<?xml version="1.0" encoding="UTF-8"?>
<!-- Generated by org.testng.reporters.JUnitReportReporter -->
<testsuite hostname="ameera" failures="0" tests="2" name="ameera.CertificationTests.LambdaTestInputFormTest" time="66.237" errors="0" timestamp="2025-01-06T16:03:43 AST" skipped="0">
  <testcase classname="ameera.CertificationTests.LambdaTestInputFormTest" name="testInputFormSubmit" time="33.803"/>
  <testcase classname="ameera.CertificationTests.LambdaTestInputFormTest" name="testInputFormSubmit" time="32.434"/>
</testsuite> <!-- ameera.CertificationTests.LambdaTestInputFormTest -->
