<?xml version="1.0" encoding="UTF-8"?>
<!-- Generated by org.testng.reporters.JUnitReportReporter -->
<testsuite hostname="ameera" failures="0" tests="2" name="ameera.CertificationTests.SimpleFormTest" time="41.751" errors="0" timestamp="2025-01-06T16:03:43 AST" skipped="0">
  <testcase classname="ameera.CertificationTests.SimpleFormTest" name="testSimpleFormDemo" time="22.070"/>
  <testcase classname="ameera.CertificationTests.SimpleFormTest" name="testSimpleFormDemo" time="19.681"/>
</testsuite> <!-- ameera.CertificationTests.SimpleFormTest -->
