<?xml version="1.0" encoding="UTF-8"?>
<!-- Generated by org.testng.reporters.JUnitReportReporter -->
<testsuite hostname="ameera" failures="0" tests="2" name="ameera.CertificationTests.LambdaTestSliderTest" time="39.580" errors="0" timestamp="2025-01-06T16:03:43 AST" skipped="0">
  <testcase classname="ameera.CertificationTests.LambdaTestSliderTest" name="testDragAndDropSlider" time="17.600"/>
  <testcase classname="ameera.CertificationTests.LambdaTestSliderTest" name="testDragAndDropSlider" time="21.980"/>
</testsuite> <!-- ameera.CertificationTests.LambdaTestSliderTest -->
